Starting server on port 3000
Socket vE1fw940o19eEOlfAAAA joined us!
Socket r3xSU28JvSpWP5IoAAAB joined us!
Starting server on port 3000
Socket 9jkTDZhGWLbUzv55AAAA joined us!
Socket UrQXx4K1f5Yn5riMAAAB joined us!
Starting server on port 3000
Socket l43tW0i5Aya5HdN-AAAA joined us!
Socket gysNQzTNkF4OMloLAAAB joined us!
Socket 4RkgB71L40Lhnj42AAAC joined us!
Socket DNaqErsMpRTVaIt2AAAD joined us!
Socket nk_SzQq2xd1CRD_dAAAE joined us!
Socket Q8aWTVMZ50PqOeAYAAAF joined us!
Socket SAe1Pwy5XGpTdx7FAAAG joined us!
Socket CUc4kW0xzem3UzSfAAAH joined us!
Socket s2FmnheHLQCifujjAAAI joined us!
Socket jLSiIK-WJLEkUFJqAAAJ joined us!
Socket ZyVmaSa8Q99ZMsc8AAAK joined us!
Socket 8XtNKFaeBvRDVi2sAAAL joined us!
Socket 0zeC7Fm-blXAga7wAAAM joined us!
Socket DP6PM_fvEw9tsMY4AAAN joined us!
Starting server on port 3000
Socket -RJo48VA2dZkdefWAAAA joined us!
Socket nVICkgtjHJnZeY4SAAAB joined us!
Socket L1hUc7qMbkAxYh7qAAAC joined us!
Socket 3dP6QIBelK_lChcKAAAD joined us!
Socket 1QpW0E4p8963feOzAAAE joined us!
Socket qphjloyMrO7DmkOXAAAF joined us!
Socket oAiVgW_met6mBUYNAAAG joined us!
Socket 7_pTUzAWKHLVIUa_AAAH joined us!
Socket UhMaoFiakM_x3-h4AAAI joined us!
Socket kTv7DCfiZKBH8J3PAAAJ joined us!
Socket gzsGoj8noBrDSD3QAAAK joined us!
Socket nYMrfIdWUmUHXmwdAAAL joined us!
Socket 2SieYdFbVLojwlH5AAAM joined us!
Socket cJ6nzH2wMJUSFt7OAAAN joined us!
Socket VlCy5RK8IIEr7H-NAAAO joined us!
Socket K_r3gOfr9PZYOCljAAAP joined us!
Socket 5V2Vh1HsrtPKpLgJAAAQ joined us!
Socket 9YPAeMv9AVM0R9CVAAAR joined us!
Socket wlZ-exwY_paLpKc0AAAS joined us!
Socket nK24SUT6o8-epvQ8AAAT joined us!
Socket yD2Myy8cQ2GfxDjaAAAU joined us!
Socket f1X_3Ik8MPbwMsjUAAAV joined us!
Socket UIqbMwuQRIjt_oCYAAAW joined us!
Socket JX_b1Xmiei_eBylyAAAX joined us!
Socket fztnfsshOUPfUaqwAAAY joined us!
Socket u898SrSezxQ_-Y2YAAAZ joined us!
Socket XXn7NaxEwKEPajccAAAa joined us!
Socket ePaP2vgQADW5A_lPAAAb joined us!
Socket hvZh7woJZ628MGY7AAAc joined us!
Socket T5JCSQWxec8lKqijAAAd joined us!
Socket 6eqEjIGgTNYgdijHAAAe joined us!
Socket r0a0lPqQAPaFQluZAAAf joined us!
Socket scNnUnNzWfx3ANfNAAAg joined us!
Socket pA7rT-G51t9v5OHUAAAh joined us!
Socket sbBPqRttka9D5UqpAAAi joined us!
Socket bfDDRu8hxwusIlO4AAAj joined us!
Socket Ta0gs3nWrrk5c5eAAAAk joined us!
Socket 8SEk92FPnehwAp98AAAl joined us!
Socket wY-3Z6iYDFMjjkM1AAAm joined us!
Socket rTHZNFSjz5kRC-zRAAAn joined us!
Socket gitBueQltKZ1somDAAAo joined us!
Socket M1srtIjxHiUBU12CAAAp joined us!
Socket 4oPufoM_RZcgd0xaAAAq joined us!
Socket J6mgAHuqOSwoX7zxAAAr joined us!
Socket RXVLbyNBfVjEOER4AAAs joined us!
Socket hZz5eyT-yTSLuDmiAAAt joined us!
Socket UPEj5O7lJRh56RuUAAAu joined us!
Socket ta2k-d2fJvrHnmqMAAAv joined us!
Socket Wwto3Mt-owwu5P3YAAAw joined us!
Socket DxVx3kBjWmm9wfdZAAAx joined us!
Socket sPi6CNeQ0OF2PJ-2AAAy joined us!
Socket IuhQZHjWOEteTJK9AAAz joined us!
Socket 4nbL3cygZ22wIP7QAAA0 joined us!
Socket -i44CFJ8MsBDZdyGAAA1 joined us!
Socket r2R8OW3HLoKlUTafAAA2 joined us!
Socket tairTg0FhD74nhBQAAA3 joined us!
Socket xO-GwJc6f6Lagdx0AAA4 joined us!
Socket _rqCbuHpbQ5qOT8zAAA5 joined us!
Socket BH0y87T7EzIRo4RIAAA6 joined us!
Socket ngOxiybm8XSYGIMKAAA7 joined us!
Socket syDDlGSsCZSUV6hiAAA8 joined us!
Socket e1NnswDYKNt6oD42AAA9 joined us!
Socket 1_rb5vJYwMHvZ8I1AAA- joined us!
Socket ZuDBp0fFPWpbr7p_AAA_ joined us!
Socket TVIdRsRtPS0OOQ0WAABA joined us!
Socket snTe_SXTqZf-UPITAABB joined us!
Socket W1LLV1gmbDdVzquFAABC joined us!
Socket HFl8QNBCF8bCzRecAABD joined us!
Socket 5NK1otx8Bsn0RkDQAABE joined us!
Socket kZ9wnM2Q_YHFnx_TAABF joined us!
Socket aAF3pGuxp20Ae8ZYAABG joined us!
Socket tJDyaqbeIDYnnOPJAABH joined us!
Socket 5cPgUse7KwQLKCMpAABI joined us!
Socket t3dWpjg3hr7YTLRtAABJ joined us!
Socket bQhPDgk_EQq3pqrKAABK joined us!
Socket c3PmPzQxkHQnRlwrAABL joined us!
Socket PPPtfjPnM4ffWiVjAABM joined us!
Socket b7kWYA3VLCD8JqH1AABN joined us!
Socket bGrXUm2H6MFkCtJxAABO joined us!
Socket QR3rPm_lPatqeLeEAABP joined us!
Socket Duz7J01uswxqUqDeAABQ joined us!
Socket Uw4fTqwi_PbdJiGsAABR joined us!
Socket xlDYWPhEvRc8ghd5AABS joined us!
Socket -Z5aFXdqmJvbQkiqAABT joined us!
Socket -vbW3GRD_5XjSkgHAABU joined us!
Socket m7jrq_EqOXljwShkAABV joined us!
Socket Ki9OfmJ05P_sZYy6AABW joined us!
Socket 0K4FGZFYz45pvXIvAABX joined us!
Socket ELWZk-z_abY8uf_7AABY joined us!
Socket vZzUqNNWi0UnWvtrAABZ joined us!
Socket YMdUHsytRG0M5e2UAABa joined us!
Socket a3rxK1JeMRyesgphAABb joined us!
Socket -5x3HciUONSN4r9gAABc joined us!
Socket moz25-pnG3LldvO-AABd joined us!
Socket 7Oo4D6pRYvOxGZ7QAABe joined us!
Socket RZ2ucn7fB2Mn11UpAABf joined us!
Socket Av48v7tvzH1F-nPKAABg joined us!
Socket gk50K2MPwykd6ZYYAABh joined us!
Socket Jz6-GjhdxxfZU_wHAABi joined us!
Socket a9nhA1Ed_e5x5_gVAABj joined us!
Socket 4OrkeLaoTb9JUoQ0AABk joined us!
Socket i1XLb5VyPmfGg3q-AABl joined us!
Socket xBARzhjJh8KD4tiHAABm joined us!
internal/fs/utils.js:312
    throw err;
    ^

Error: EACCES: permission denied, open 'key.pem'
    at Object.openSync (fs.js:498:3)
    at Object.readFileSync (fs.js:394:35)
    at Object.<anonymous> (/home/developer3/trigate/chat/server.js:7:16)
    at Module._compile (internal/modules/cjs/loader.js:1068:30)
    at Object.Module._extensions..js (internal/modules/cjs/loader.js:1097:10)
    at Module.load (internal/modules/cjs/loader.js:933:32)
    at Function.Module._load (internal/modules/cjs/loader.js:774:14)
    at Function.executeUserEntryPoint [as runMain] (internal/modules/run_main.js:72:12)
    at internal/main/run_main_module.js:17:47 {
  errno: -13,
  syscall: 'open',
  code: 'EACCES',
  path: 'key.pem'
}
internal/fs/utils.js:312
    throw err;
    ^

Error: EACCES: permission denied, open 'key.pem'
    at Object.openSync (fs.js:498:3)
    at Object.readFileSync (fs.js:394:35)
    at Object.<anonymous> (/home/developer3/trigate/chat/server.js:7:16)
    at Module._compile (internal/modules/cjs/loader.js:1068:30)
    at Object.Module._extensions..js (internal/modules/cjs/loader.js:1097:10)
    at Module.load (internal/modules/cjs/loader.js:933:32)
    at Function.Module._load (internal/modules/cjs/loader.js:774:14)
    at Function.executeUserEntryPoint [as runMain] (internal/modules/run_main.js:72:12)
    at internal/main/run_main_module.js:17:47 {
  errno: -13,
  syscall: 'open',
  code: 'EACCES',
  path: 'key.pem'
}
Starting server on port 3000
Socket QnmSQz8d4IVQChAQAAAA joined us!
Starting server on port 3000
Socket h57DCZD0tvuSUi1MAAAA joined us!
Starting server on port 3000
Socket T7LkAKnYtX3qazGjAAAA joined us!
Socket P3QDZCK147VqOAIkAAAB joined us!
Socket FB0iWqAUjXmBgGbjAAAC joined us!
Socket Z1hWAOmzXiR--LoEAAAD joined us!
Socket aLhkQnfau3wXR5S1AAAE joined us!
Socket K0pf2B0_rYvyD1nwAAAF joined us!
Socket KaFQyu5pk8ShVOEwAAAG joined us!
Socket wWwkA-SJxjJYmnmXAAAH joined us!
Socket n4RaCO3wlkBYBlhhAAAI joined us!
Socket FYPI1Fvy73AElkf6AAAJ joined us!
Socket yGqHUtyYwwpLFvCtAAAK joined us!
Socket zxJvcq6JnjG3uWzLAAAL joined us!
Socket TNbdhdr_SGLLln1kAAAM joined us!
Socket els3VTmcyruldW_CAAAN joined us!
Socket 2oaZQlYppRKkBcFcAAAO joined us!
Error: Parse Error: Invalid method encountered
Error: Parse Error: Invalid method encountered
Error: Parse Error: Invalid method encountered
Socket xFDo52SiG_pqEDaJAAAP joined us!
Socket WhhIWd5IUGn4m3KTAAAQ joined us!
