Starting server on port 5000
Starting server on port 5000
events.js:353
      throw er; // Unhandled 'error' event
      ^

Error: listen EADDRINUSE: address already in use :::5000
    at Server.setupListenHandle [as _listen2] (net.js:1318:16)
    at listenInCluster (net.js:1366:12)
    at Server.listen (net.js:1452:7)
    at Object.<anonymous> (/home/developer3/trigate/_socket-game/server.js:22:8)
    at Module._compile (internal/modules/cjs/loader.js:1068:30)
    at Object.Module._extensions..js (internal/modules/cjs/loader.js:1097:10)
    at Module.load (internal/modules/cjs/loader.js:933:32)
    at Function.Module._load (internal/modules/cjs/loader.js:774:14)
    at Function.executeUserEntryPoint [as runMain] (internal/modules/run_main.js:72:12)
    at internal/main/run_main_module.js:17:47
Emitted 'error' event on Server instance at:
    at emitErrorNT (net.js:1345:8)
    at processTicksAndRejections (internal/process/task_queues.js:82:21) {
  code: 'EADDRINUSE',
  errno: -98,
  syscall: 'listen',
  address: '::',
  port: 5000
}
Player [FxuObz1NebIxaYOsAAAA] has joined the game
Player [FxuObz1NebIxaYOsAAAA] left the game
Player [q88MoOv-Fr4wqWJ6AAAB] left the game
Player [SKlsmh_2F9H-g9MsAAAD] left the game
Player [FhqO7WfmsJrbJwpfAAAC] left the game
Player [PcHL3gQlDMxvqtfhAAAE] left the game
Player [Hm5L8Z0oboNDbsTHAAAF] left the game
